Replace Part 3V3 5P排针 in C:\Users\86173\Desktop\Desk lamp\PCB\Desk lamp\Desk lamp原理图.SchDoc with 5P排针 from Desk lamp原理图库.SchLib
Replace Part 5V 5P排针 in C:\Users\86173\Desktop\Desk lamp\PCB\Desk lamp\Desk lamp原理图.SchDoc with 5P排针 from Desk lamp原理图库.SchLib
Replace Part C1 Cap in C:\Users\86173\Desktop\Desk lamp\PCB\Desk lamp\Desk lamp原理图.SchDoc with Cap from Desk lamp原理图库.SchLib
Replace Part C2 Cap in C:\Users\86173\Desktop\Desk lamp\PCB\Desk lamp\Desk lamp原理图.SchDoc with Cap from Desk lamp原理图库.SchLib
Replace Part C? Cap in C:\Users\86173\Desktop\Desk lamp\PCB\Desk lamp\Desk lamp原理图.SchDoc with Cap from Desk lamp原理图库.SchLib
Replace Part J? 3P插座 in C:\Users\86173\Desktop\Desk lamp\PCB\Desk lamp\Desk lamp原理图.SchDoc with 3P插座 from Desk lamp原理图库.SchLib
Replace Part J? OLED in C:\Users\86173\Desktop\Desk lamp\PCB\Desk lamp\Desk lamp原理图.SchDoc with OLED from Desk lamp原理图库.SchLib
Replace Part J？ 2*3P排针 in C:\Users\86173\Desktop\Desk lamp\PCB\Desk lamp\Desk lamp原理图.SchDoc with 2*3P排针 from Desk lamp原理图库.SchLib
Replace Part J？ 5P插座 in C:\Users\86173\Desktop\Desk lamp\PCB\Desk lamp\Desk lamp原理图.SchDoc with 5P插座 from Desk lamp原理图库.SchLib
Replace Part LS? Bell in C:\Users\86173\Desktop\Desk lamp\PCB\Desk lamp\Desk lamp原理图.SchDoc with Bell from Desk lamp原理图库.SchLib
Replace Part MOS管 MOS管 in C:\Users\86173\Desktop\Desk lamp\PCB\Desk lamp\Desk lamp原理图.SchDoc with MOS管 from Desk lamp原理图库.SchLib
Replace Part PWM 4P插座 in C:\Users\86173\Desktop\Desk lamp\PCB\Desk lamp\Desk lamp原理图.SchDoc with 4P插座 from Desk lamp原理图库.SchLib
Replace Part Q? S8050 in C:\Users\86173\Desktop\Desk lamp\PCB\Desk lamp\Desk lamp原理图.SchDoc with S8050 from Desk lamp原理图库.SchLib
Replace Part R1 Res in C:\Users\86173\Desktop\Desk lamp\PCB\Desk lamp\Desk lamp原理图.SchDoc with Res from Desk lamp原理图库.SchLib
Replace Part R2 Res in C:\Users\86173\Desktop\Desk lamp\PCB\Desk lamp\Desk lamp原理图.SchDoc with Res from Desk lamp原理图库.SchLib
Replace Part R-? 电位器 in C:\Users\86173\Desktop\Desk lamp\PCB\Desk lamp\Desk lamp原理图.SchDoc with 电位器 from Desk lamp原理图库.SchLib
Replace Part RG? RG5528 in C:\Users\86173\Desktop\Desk lamp\PCB\Desk lamp\Desk lamp原理图.SchDoc with RG5528 from Desk lamp原理图库.SchLib
Replace Part RST1 KEY in C:\Users\86173\Desktop\Desk lamp\PCB\Desk lamp\Desk lamp原理图.SchDoc with KEY from Desk lamp原理图库.SchLib
Replace Part RST2 KEY in C:\Users\86173\Desktop\Desk lamp\PCB\Desk lamp\Desk lamp原理图.SchDoc with KEY from Desk lamp原理图库.SchLib
Replace Part S? SSW-1P in C:\Users\86173\Desktop\Desk lamp\PCB\Desk lamp\Desk lamp原理图.SchDoc with SSW-1P from Desk lamp原理图库.SchLib
Replace Part U? Nano in C:\Users\86173\Desktop\Desk lamp\PCB\Desk lamp\Desk lamp原理图.SchDoc with Nano from Desk lamp原理图库.SchLib
Replace Part 串口通讯 4P插座 in C:\Users\86173\Desktop\Desk lamp\PCB\Desk lamp\Desk lamp原理图.SchDoc with 4P插座 from Desk lamp原理图库.SchLib
Replace Part 人体感应模块 3P插座 in C:\Users\86173\Desktop\Desk lamp\PCB\Desk lamp\Desk lamp原理图.SchDoc with 3P插座 from Desk lamp原理图库.SchLib
Replace Part 光电开关 3P插座 in C:\Users\86173\Desktop\Desk lamp\PCB\Desk lamp\Desk lamp原理图.SchDoc with 3P插座 from Desk lamp原理图库.SchLib
Replace Part 地线 5P排针 in C:\Users\86173\Desktop\Desk lamp\PCB\Desk lamp\Desk lamp原理图.SchDoc with 5P排针 from Desk lamp原理图库.SchLib
