Replace Part C1 Cap in C:\Users\86173\Desktop\Desk lamp\PCB\Desk lamp\Desk lamp原理图.SchDoc with Cap from Desk lamp原理图库.SchLib
Replace Part C2 Cap in C:\Users\86173\Desktop\Desk lamp\PCB\Desk lamp\Desk lamp原理图.SchDoc with Cap from Desk lamp原理图库.SchLib
Replace Part C3 Cap in C:\Users\86173\Desktop\Desk lamp\PCB\Desk lamp\Desk lamp原理图.SchDoc with Cap from Desk lamp原理图库.SchLib
Replace Part J1 4P插座 in C:\Users\86173\Desktop\Desk lamp\PCB\Desk lamp\Desk lamp原理图.SchDoc with 4P插座 from Desk lamp原理图库.SchLib
Replace Part J2 2*3P排针 in C:\Users\86173\Desktop\Desk lamp\PCB\Desk lamp\Desk lamp原理图.SchDoc with 2*3P排针 from Desk lamp原理图库.SchLib
Replace Part J3 5P排针 in C:\Users\86173\Desktop\Desk lamp\PCB\Desk lamp\Desk lamp原理图.SchDoc with 5P排针 from Desk lamp原理图库.SchLib
Replace Part J4 5P排针 in C:\Users\86173\Desktop\Desk lamp\PCB\Desk lamp\Desk lamp原理图.SchDoc with 5P排针 from Desk lamp原理图库.SchLib
Replace Part J5 3P插座 in C:\Users\86173\Desktop\Desk lamp\PCB\Desk lamp\Desk lamp原理图.SchDoc with 3P插座 from Desk lamp原理图库.SchLib
Replace Part J6 3P插座 in C:\Users\86173\Desktop\Desk lamp\PCB\Desk lamp\Desk lamp原理图.SchDoc with 3P插座 from Desk lamp原理图库.SchLib
Replace Part J7 4P插座 in C:\Users\86173\Desktop\Desk lamp\PCB\Desk lamp\Desk lamp原理图.SchDoc with 4P插座 from Desk lamp原理图库.SchLib
Replace Part J8 5P排针 in C:\Users\86173\Desktop\Desk lamp\PCB\Desk lamp\Desk lamp原理图.SchDoc with 5P排针 from Desk lamp原理图库.SchLib
Replace Part J9 MOS管 in C:\Users\86173\Desktop\Desk lamp\PCB\Desk lamp\Desk lamp原理图.SchDoc with MOS管 from Desk lamp原理图库.SchLib
Replace Part J10 3P插座 in C:\Users\86173\Desktop\Desk lamp\PCB\Desk lamp\Desk lamp原理图.SchDoc with 3P插座 from Desk lamp原理图库.SchLib
Replace Part JP1 Header 2 in C:\Users\86173\Desktop\Desk lamp\PCB\Desk lamp\Desk lamp原理图.SchDoc with Header 2 from 4.9   - 接插件-脚距3.96.SchLib
Replace Part LS1 Bell in C:\Users\86173\Desktop\Desk lamp\PCB\Desk lamp\Desk lamp原理图.SchDoc with Bell from Desk lamp原理图库.SchLib
Replace Part P1 5P插座 in C:\Users\86173\Desktop\Desk lamp\PCB\Desk lamp\Desk lamp原理图.SchDoc with 5P插座 from Desk lamp原理图库.SchLib
Replace Part P2 OLED in C:\Users\86173\Desktop\Desk lamp\PCB\Desk lamp\Desk lamp原理图.SchDoc with OLED from Desk lamp原理图库.SchLib
Replace Part Q1 S8050 in C:\Users\86173\Desktop\Desk lamp\PCB\Desk lamp\Desk lamp原理图.SchDoc with S8050 from Desk lamp原理图库.SchLib
Replace Part R1 Res in C:\Users\86173\Desktop\Desk lamp\PCB\Desk lamp\Desk lamp原理图.SchDoc with Res from Desk lamp原理图库.SchLib
Replace Part R2 Res in C:\Users\86173\Desktop\Desk lamp\PCB\Desk lamp\Desk lamp原理图.SchDoc with Res from Desk lamp原理图库.SchLib
Replace Part R-1 电位器 in C:\Users\86173\Desktop\Desk lamp\PCB\Desk lamp\Desk lamp原理图.SchDoc with 电位器 from Desk lamp原理图库.SchLib
Replace Part RG1 RG5528 in C:\Users\86173\Desktop\Desk lamp\PCB\Desk lamp\Desk lamp原理图.SchDoc with RG5528 from Desk lamp原理图库.SchLib
Replace Part RST1 KEY in C:\Users\86173\Desktop\Desk lamp\PCB\Desk lamp\Desk lamp原理图.SchDoc with KEY from Desk lamp原理图库.SchLib
Replace Part RST2 KEY in C:\Users\86173\Desktop\Desk lamp\PCB\Desk lamp\Desk lamp原理图.SchDoc with KEY from Desk lamp原理图库.SchLib
Replace Part S1 SSW-1P in C:\Users\86173\Desktop\Desk lamp\PCB\Desk lamp\Desk lamp原理图.SchDoc with SSW-1P from Desk lamp原理图库.SchLib
Replace Part U1 Nano in C:\Users\86173\Desktop\Desk lamp\PCB\Desk lamp\Desk lamp原理图.SchDoc with Nano from Desk lamp原理图库.SchLib
